<?xml version="1.0" encoding="UTF-8" standalone="no"?>
<testsuite errors="0" failures="3" name="io.cucumber.core.plugin.JUnitFormatter" skipped="0" tests="3" time="69.561">
<testcase classname="Login Feature" name="Login with different users" time="23.814">
<failure message="expected:&lt;Welcome [Linda]&gt; but was:&lt;Welcome [Rushikesh]&gt;" type="org.junit.ComparisonFailure"><![CDATA[Given i am able to naviagte on to login page................................passed
When i update the username as "linda.anderson"..............................passed
And i update the password as "linda.anderson"...............................passed
And i Click on the login button.............................................passed
Then i should see the username as "Welcome Rushikesh".......................failed

StackTrace:
org.junit.ComparisonFailure: expected:<Welcome [Linda]> but was:<Welcome [Rushikesh]>
	at org.junit.Assert.assertEquals(Assert.java:117)
	at org.junit.Assert.assertEquals(Assert.java:146)
	at StepDefinition.Login.i_should_see_the_username_as(Login.java:63)
	at ✽.i should see the username as "Welcome Rushikesh"(file:///D:/Selenium-mobile/Cucumber_Maven/src/test/resources/Login/Login.feature:30)
]]></failure>
</testcase>
<testcase classname="Login Feature" name="Login with different users 2" time="21.67">
<failure message="expected:&lt;Welcome [Linda]&gt; but was:&lt;Welcome [Rushikesh]&gt;" type="org.junit.ComparisonFailure"><![CDATA[Given i am able to naviagte on to login page................................passed
When i update the username as "linda.anderson"..............................passed
And i update the password as "linda.anderson"...............................passed
And i Click on the login button.............................................passed
Then i should see the username as "Welcome Rushikesh".......................failed

StackTrace:
org.junit.ComparisonFailure: expected:<Welcome [Linda]> but was:<Welcome [Rushikesh]>
	at org.junit.Assert.assertEquals(Assert.java:117)
	at org.junit.Assert.assertEquals(Assert.java:146)
	at StepDefinition.Login.i_should_see_the_username_as(Login.java:63)
	at ✽.i should see the username as "Welcome Rushikesh"(file:///D:/Selenium-mobile/Cucumber_Maven/src/test/resources/Login/Login.feature:30)
]]></failure>
</testcase>
<testcase classname="Login Feature" name="negative Login" time="23.736">
<failure message="no such element: Unable to locate element: {&quot;method&quot;:&quot;xpath&quot;,&quot;selector&quot;:&quot;//*[@id='spanMessage']&quot;}&#10;  (Session info: chrome=85.0.4183.121)&#10;For documentation on this error, please visit: https://www.seleniumhq.org/exceptions/no_such_element.html&#10;Build info: version: '3.141.59', revision: 'e82be7d358', time: '2018-11-14T08:17:03'&#10;System info: host: 'IBM-DOTNET-001', ip: '192.168.0.105', os.name: 'Windows 10', os.arch: 'x86', os.version: '10.0', java.version: '1.8.0_181'&#10;Driver info: org.openqa.selenium.chrome.ChromeDriver&#10;Capabilities {acceptInsecureCerts: false, browserName: chrome, browserVersion: 85.0.4183.121, chrome: {chromedriverVersion: 85.0.4183.87 (cd6713ebf92fa..., userDataDir: C:\Users\ADMINI~1\AppData\L...}, goog:chromeOptions: {debuggerAddress: localhost:63647}, javascriptEnabled: true, networkConnectionEnabled: false, pageLoadStrategy: normal, platform: WINDOWS, platformName: WINDOWS, proxy: Proxy(), setWindowRect: true, strictFileInteractability: false, timeouts: {implicit: 0, pageLoad: 300000, script: 30000}, unhandledPromptBehavior: dismiss and notify, webauthn:virtualAuthenticators: true}&#10;Session ID: f334624e29c6ad31df5ee7aef611a1a6&#10;*** Element info: {Using=xpath, value=//*[@id='spanMessage']}" type="org.openqa.selenium.NoSuchElementException"><![CDATA[Given i am able to naviagte on to login page................................passed
When i update the username as "sunil".......................................passed
And i update the password as "sunil"........................................passed
And i Click on the login button.............................................passed
Then i should see the error message  as "Invalid credentials"...............failed

StackTrace:
org.openqa.selenium.NoSuchElementException: no such element: Unable to locate element: {"method":"xpath","selector":"//*[@id='spanMessage']"}
  (Session info: chrome=85.0.4183.121)
For documentation on this error, please visit: https://www.seleniumhq.org/exceptions/no_such_element.html
Build info: version: '3.141.59', revision: 'e82be7d358', time: '2018-11-14T08:17:03'
System info: host: 'IBM-DOTNET-001', ip: '192.168.0.105', os.name: 'Windows 10', os.arch: 'x86', os.version: '10.0', java.version: '1.8.0_181'
Driver info: org.openqa.selenium.chrome.ChromeDriver
Capabilities {acceptInsecureCerts: false, browserName: chrome, browserVersion: 85.0.4183.121, chrome: {chromedriverVersion: 85.0.4183.87 (cd6713ebf92fa..., userDataDir: C:\Users\ADMINI~1\AppData\L...}, goog:chromeOptions: {debuggerAddress: localhost:63647}, javascriptEnabled: true, networkConnectionEnabled: false, pageLoadStrategy: normal, platform: WINDOWS, platformName: WINDOWS, proxy: Proxy(), setWindowRect: true, strictFileInteractability: false, timeouts: {implicit: 0, pageLoad: 300000, script: 30000}, unhandledPromptBehavior: dismiss and notify, webauthn:virtualAuthenticators: true}
Session ID: f334624e29c6ad31df5ee7aef611a1a6
*** Element info: {Using=xpath, value=//*[@id='spanMessage']}
	at sun.reflect.NativeConstructorAccessorImpl.newInstance0(Native Method)
	at sun.reflect.NativeConstructorAccessorImpl.newInstance(NativeConstructorAccessorImpl.java:62)
	at sun.reflect.DelegatingConstructorAccessorImpl.newInstance(DelegatingConstructorAccessorImpl.java:45)
	at java.lang.reflect.Constructor.newInstance(Constructor.java:423)
	at org.openqa.selenium.remote.http.W3CHttpResponseCodec.createException(W3CHttpResponseCodec.java:187)
	at org.openqa.selenium.remote.http.W3CHttpResponseCodec.decode(W3CHttpResponseCodec.java:122)
	at org.openqa.selenium.remote.http.W3CHttpResponseCodec.decode(W3CHttpResponseCodec.java:49)
	at org.openqa.selenium.remote.HttpCommandExecutor.execute(HttpCommandExecutor.java:158)
	at org.openqa.selenium.remote.service.DriverCommandExecutor.execute(DriverCommandExecutor.java:83)
	at org.openqa.selenium.remote.RemoteWebDriver.execute(RemoteWebDriver.java:552)
	at org.openqa.selenium.remote.RemoteWebDriver.findElement(RemoteWebDriver.java:323)
	at org.openqa.selenium.remote.RemoteWebDriver.findElementByXPath(RemoteWebDriver.java:428)
	at org.openqa.selenium.By$ByXPath.findElement(By.java:353)
	at org.openqa.selenium.remote.RemoteWebDriver.findElement(RemoteWebDriver.java:315)
	at StepDefinition.Login.i_should_see_the_error_message_as(Login.java:73)
	at ✽.i should see the error message  as "Invalid credentials"(file:///D:/Selenium-mobile/Cucumber_Maven/src/test/resources/Login/Login.feature:43)
]]></failure>
</testcase>
</testsuite>
